Build started 7.2.2015 г. 17:37:14 ч..
     1>Project "C:\Users\Alexander\Desktop\Dissertation OpenGL - Gamasutra Algo\OpenGLGraphics\OpenGLGraphics.vcxproj" on node 2 (Build target(s)).
     1>ClCompile:
         C:\Program Files (x86)\Microsoft Visual Studio 12.0\VC\bin\CL.exe /c /ZI /nologo /W3 /WX- /Od /Oy- /D _MBCS /Gm /EHsc /RTC1 /MDd /GS /fp:precise /Zc:wchar_t /Zc:forScope /Fo"Debug\\" /Fd"Debug\vc120.pdb" /Gd /TP /analyze- /errorReport:prompt Track.cpp main.cpp
         main.cpp
     1>c:\users\alexander\desktop\dissertation opengl - gamasutra algo\openglgraphics\main.cpp(12): warning C4244: 'argument' : conversion from 'time_t' to 'unsigned int', possible loss of data
     1>c:\users\alexander\desktop\dissertation opengl - gamasutra algo\openglgraphics\main.cpp(22): warning C4244: 'argument' : conversion from 'int' to 'const float', possible loss of data
         Track.cpp
     1>c:\users\alexander\desktop\dissertation opengl - gamasutra algo\openglgraphics\track.cpp(201): warning C4244: 'argument' : conversion from 'int' to 'float', possible loss of data
         Generating Code...
       Link:
         C:\Program Files (x86)\Microsoft Visual Studio 12.0\VC\bin\link.exe /ERRORREPORT:PROMPT /OUT:"C:\Users\Alexander\Desktop\Dissertation OpenGL - Gamasutra Algo\OpenGLGraphics\Debug\OpenGLGraphics.exe" /INCREMENTAL /NOLOGO kernel32.lib user32.lib gdi32.lib winspool.lib comdlg32.lib advapi32.lib shell32.lib ole32.lib oleaut32.lib uuid.lib odbc32.lib odbccp32.lib /MANIFEST /MANIFESTUAC:"level='asInvoker' uiAccess='false'" /manifest:embed /DEBUG /PDB:"C:\Users\Alexander\Desktop\Dissertation OpenGL - Gamasutra Algo\OpenGLGraphics\Debug\OpenGLGraphics.pdb" /TLBID:1 /DYNAMICBASE /NXCOMPAT /IMPLIB:"C:\Users\Alexander\Desktop\Dissertation OpenGL - Gamasutra Algo\OpenGLGraphics\Debug\OpenGLGraphics.lib" /MACHINE:X86 Debug\main.obj
         Debug\Mesh.obj
         Debug\Renderer.obj
         Debug\RenderObject.obj
         Debug\Shader.obj
         Debug\SpectatorCamera.obj
         Debug\Track.obj
         OpenGLGraphics.vcxproj -> C:\Users\Alexander\Desktop\Dissertation OpenGL - Gamasutra Algo\OpenGLGraphics\Debug\OpenGLGraphics.exe
     1>Done Building Project "C:\Users\Alexander\Desktop\Dissertation OpenGL - Gamasutra Algo\OpenGLGraphics\OpenGLGraphics.vcxproj" (Build target(s)).

Build succeeded.

Time Elapsed 00:00:03.77
